{
  "RSpec": {
    "coverage": {
      "/Users/ianwalton/projects/challenges/bookmark_manager/app.rb": {
        "lines": [
          1,
          1,
          1,
          1,
          1,
          0,
          null,
          null,
          1,
          null,
          1,
          7,
          null,
          null,
          1,
          8,
          8,
          null,
          null,
          1,
          1,
          null,
          null,
          1,
          1,
          1,
          1,
          1,
          null,
          null,
          1,
          1,
          1,
          1,
          null,
          null,
          1,
          2,
          2,
          null,
          null,
          1,
          2,
          2,
          2,
          2,
          2,
          2,
          null,
          null,
          1,
          null
        ]
      },
      "/Users/ianwalton/projects/challenges/bookmark_manager/lib/bookmark.rb": {
        "lines": [
          1,
          null,
          1,
          1,
          null,
          1,
          33,
          33,
          33,
          null,
          null,
          1,
          5,
          10,
          6,
          null,
          null,
          null,
          null,
          1,
          1,
          23,
          23,
          27,
          null,
          null,
          null,
          1,
          3,
          3,
          null,
          null,
          1,
          8,
          null,
          null,
          1,
          2,
          null,
          null,
          1,
          42,
          null,
          null,
          1,
          42,
          null,
          null,
          1,
          42,
          null,
          null,
          1,
          42,
          null,
          null,
          null
        ]
      },
      "/Users/ianwalton/projects/challenges/bookmark_manager/spec/bookmark_spec.rb": {
        "lines": [
          1,
          null,
          1,
          4,
          null,
          1,
          1,
          1,
          null,
          null,
          null,
          1,
          1,
          1,
          null,
          null,
          null,
          1,
          1,
          1,
          null,
          null,
          null,
          1,
          1,
          1,
          1,
          null,
          null,
          1,
          1,
          1,
          null,
          null,
          null,
          1,
          1,
          1,
          1,
          1,
          1,
          1,
          null,
          null,
          1,
          1,
          1,
          1,
          1,
          1,
          null,
          null,
          1,
          1,
          1,
          1,
          1,
          1,
          null,
          null,
          null,
          1,
          1,
          1,
          1,
          1,
          null,
          null,
          null,
          1,
          1,
          1,
          1,
          1,
          1,
          null,
          null,
          null,
          1,
          1,
          1,
          null,
          null,
          1,
          1,
          1,
          null,
          1,
          1,
          null,
          null,
          null
        ]
      },
      "/Users/ianwalton/projects/challenges/bookmark_manager/spec/features/bookmarks_spec.rb": {
        "lines": [
          1,
          1,
          1,
          null,
          1,
          null,
          1,
          1,
          1,
          1,
          null,
          null,
          1,
          1,
          1,
          1,
          1,
          1,
          1,
          1,
          1,
          null,
          null,
          1,
          1,
          null,
          1,
          null,
          1,
          1,
          1,
          1,
          1,
          null,
          null,
          1,
          1,
          null,
          1,
          1,
          null,
          1,
          1,
          1,
          1,
          1,
          1,
          1,
          1,
          null,
          null,
          1,
          1,
          null,
          1,
          1,
          null,
          1,
          1,
          1,
          1,
          1,
          1,
          1,
          1,
          null,
          null
        ]
      },
      "/Users/ianwalton/projects/challenges/bookmark_manager/spec/features/index_spec.rb": {
        "lines": [
          1,
          1,
          1,
          1,
          null,
          null
        ]
      }
    },
    "timestamp": 1619251660
  }
}
